<?xml version="1.0" encoding="UTF-8"?>
<testsuite xmlns:xsi="http://www.w3.org/2001/XMLSchema-instance" xsi:noNamespaceSchemaLocation="https://maven.apache.org/surefire/maven-surefire-plugin/xsd/surefire-test-report-3.0.xsd" version="3.0" name="com.example.demo.repository.PersonTest" time="0.17" tests="8" errors="0" skipped="0" failures="0">
  <properties>
[...]
</properties>
  <testcase name="testSetPassword" classname="com.example.demo.repository.PersonTest" time="0.071"/>
  <testcase name="testGetPassword" classname="com.example.demo.repository.PersonTest" time="0.003"/>
  <testcase name="testGetEmail" classname="com.example.demo.repository.PersonTest" time="0.002"/>
  <testcase name="testGetId" classname="com.example.demo.repository.PersonTest" time="0.002"/>
  <testcase name="testSetId" classname="com.example.demo.repository.PersonTest" time="0.003"/>
  <testcase name="testGetName" classname="com.example.demo.repository.PersonTest" time="0.002"/>
  <testcase name="testSetName" classname="com.example.demo.repository.PersonTest" time="0.003"/>
  <testcase name="testSetEmail" classname="com.example.demo.repository.PersonTest" time="0.002"/>
</testsuite>